ARM GAS  /tmp/cc1PClKG.s 			page 1


   1              		.arch armv8.1-m.main
   2              		.fpu fpv5-d16
   3              		.arch_extension dsp
   4              		.arch_extension fp
   5              		.arch_extension fp.dp
   6              		.arch_extension mve
   7              		.arch_extension mve.fp
   8              		.eabi_attribute 5, "cortex-m55"
   9              		.eabi_attribute 28, 1
  10              		.eabi_attribute 20, 1
  11              		.eabi_attribute 21, 1
  12              		.eabi_attribute 23, 3
  13              		.eabi_attribute 24, 1
  14              		.eabi_attribute 25, 1
  15              		.eabi_attribute 26, 1
  16              		.eabi_attribute 30, 6
  17              		.eabi_attribute 34, 1
  18              		.eabi_attribute 38, 1
  19              		.eabi_attribute 18, 4
  20              		.file	"console.c"
  21              		.text
  22              	.Ltext0:
  23              		.cfi_sections	.debug_frame
  24              		.file 1 "Gcc/Src/console.c"
  25              		.section	.text._write,"ax",%progbits
  26              		.align	1
  27              		.global	_write
  28              		.syntax unified
  29              		.thumb
  30              		.thumb_func
  32              	_write:
  33              	.LFB835:
   1:Gcc/Src/console.c ****  /**
   2:Gcc/Src/console.c ****  ******************************************************************************
   3:Gcc/Src/console.c ****  * @file    console.c
   4:Gcc/Src/console.c ****  * @author  GPM Application Team
   5:Gcc/Src/console.c ****  *
   6:Gcc/Src/console.c ****  ******************************************************************************
   7:Gcc/Src/console.c ****  * @attention
   8:Gcc/Src/console.c ****  *
   9:Gcc/Src/console.c ****  * Copyright (c) 2023 STMicroelectronics.
  10:Gcc/Src/console.c ****  * All rights reserved.
  11:Gcc/Src/console.c ****  *
  12:Gcc/Src/console.c ****  * This software is licensed under terms that can be found in the LICENSE file
  13:Gcc/Src/console.c ****  * in the root directory of this software component.
  14:Gcc/Src/console.c ****  * If no LICENSE file comes with this software, it is provided AS-IS.
  15:Gcc/Src/console.c ****  *
  16:Gcc/Src/console.c ****  ******************************************************************************
  17:Gcc/Src/console.c ****  */
  18:Gcc/Src/console.c **** 
  19:Gcc/Src/console.c **** #include "main.h"
  20:Gcc/Src/console.c **** 
  21:Gcc/Src/console.c **** #include <errno.h>
  22:Gcc/Src/console.c **** #include <unistd.h>
  23:Gcc/Src/console.c **** 
  24:Gcc/Src/console.c **** extern UART_HandleTypeDef huart1;
  25:Gcc/Src/console.c **** 
ARM GAS  /tmp/cc1PClKG.s 			page 2


  26:Gcc/Src/console.c **** int _write(int file, char *ptr, int len)
  27:Gcc/Src/console.c **** {
  34              		.loc 1 27 1
  35              		.cfi_startproc
  36              		@ args = 0, pretend = 0, frame = 24
  37              		@ frame_needed = 1, uses_anonymous_args = 0
  38 0000 80B5     		push	{r7, lr}
  39              		.cfi_def_cfa_offset 8
  40              		.cfi_offset 7, -8
  41              		.cfi_offset 14, -4
  42 0002 86B0     		sub	sp, sp, #24
  43              		.cfi_def_cfa_offset 32
  44 0004 00AF     		add	r7, sp, #0
  45              		.cfi_def_cfa_register 7
  46 0006 F860     		str	r0, [r7, #12]
  47 0008 B960     		str	r1, [r7, #8]
  48 000a 7A60     		str	r2, [r7, #4]
  28:Gcc/Src/console.c ****   HAL_StatusTypeDef status;
  29:Gcc/Src/console.c **** 
  30:Gcc/Src/console.c ****   if ((file != STDOUT_FILENO) && (file != STDERR_FILENO)) {
  49              		.loc 1 30 6
  50 000c FB68     		ldr	r3, [r7, #12]
  51 000e 012B     		cmp	r3, #1
  52 0010 0AD0     		beq	.L2
  53              		.loc 1 30 31 discriminator 1
  54 0012 FB68     		ldr	r3, [r7, #12]
  55 0014 022B     		cmp	r3, #2
  56 0016 07D0     		beq	.L2
  31:Gcc/Src/console.c ****       errno = EBADF;
  57              		.loc 1 31 7
  58 0018 FFF7FEFF 		bl	__errno
  59 001c 0346     		mov	r3, r0
  60              		.loc 1 31 13 discriminator 1
  61 001e 0922     		movs	r2, #9
  62 0020 1A60     		str	r2, [r3]
  32:Gcc/Src/console.c ****       return -1;
  63              		.loc 1 32 14
  64 0022 4FF0FF33 		mov	r3, #-1
  65 0026 0FE0     		b	.L3
  66              	.L2:
  33:Gcc/Src/console.c ****   }
  34:Gcc/Src/console.c **** 
  35:Gcc/Src/console.c ****   status = HAL_UART_Transmit(&huart1, (uint8_t*)ptr, len, ~0);
  67              		.loc 1 35 12
  68 0028 7B68     		ldr	r3, [r7, #4]
  69 002a 9AB2     		uxth	r2, r3
  70 002c 4FF0FF33 		mov	r3, #-1
  71 0030 B968     		ldr	r1, [r7, #8]
  72 0032 0748     		ldr	r0, .L6
  73 0034 FFF7FEFF 		bl	HAL_UART_Transmit
  74 0038 0346     		mov	r3, r0
  75 003a FB75     		strb	r3, [r7, #23]
  36:Gcc/Src/console.c **** 
  37:Gcc/Src/console.c ****   return (status == HAL_OK ? len : 0);
  76              		.loc 1 37 34
  77 003c FB7D     		ldrb	r3, [r7, #23]	@ zero_extendqisi2
  78 003e 002B     		cmp	r3, #0
ARM GAS  /tmp/cc1PClKG.s 			page 3


  79 0040 01D1     		bne	.L4
  80              		.loc 1 37 34 is_stmt 0 discriminator 1
  81 0042 7B68     		ldr	r3, [r7, #4]
  82              		.loc 1 37 34
  83 0044 00E0     		b	.L3
  84              	.L4:
  85              		.loc 1 37 34 discriminator 2
  86 0046 0023     		movs	r3, #0
  87              	.L3:
  38:Gcc/Src/console.c **** }
  88              		.loc 1 38 1 is_stmt 1
  89 0048 1846     		mov	r0, r3
  90 004a 1837     		adds	r7, r7, #24
  91              		.cfi_def_cfa_offset 8
  92 004c BD46     		mov	sp, r7
  93              		.cfi_def_cfa_register 13
  94              		@ sp needed
  95 004e 80BD     		pop	{r7, pc}
  96              	.L7:
  97              		.align	2
  98              	.L6:
  99 0050 00000000 		.word	huart1
 100              		.cfi_endproc
 101              	.LFE835:
 103              		.text
 104              	.Letext0:
 105              		.file 2 "/home/tanjiajun2002/renesas/rzv/e2studio_v2025-01_fsp_v3.1.0/toolchains/gcc_arm/arm-gnu-t
 106              		.file 3 "/home/tanjiajun2002/renesas/rzv/e2studio_v2025-01_fsp_v3.1.0/toolchains/gcc_arm/arm-gnu-t
 107              		.file 4 "STM32Cube_FW_N6/Drivers/CMSIS/Device/ST/STM32N6xx/Include/stm32n657xx.h"
 108              		.file 5 "STM32Cube_FW_N6/Drivers/STM32N6xx_HAL_Driver/Inc/stm32n6xx_hal_def.h"
 109              		.file 6 "STM32Cube_FW_N6/Drivers/STM32N6xx_HAL_Driver/Inc/stm32n6xx_hal_dma.h"
 110              		.file 7 "STM32Cube_FW_N6/Drivers/STM32N6xx_HAL_Driver/Inc/stm32n6xx_hal_dma_ex.h"
 111              		.file 8 "STM32Cube_FW_N6/Drivers/STM32N6xx_HAL_Driver/Inc/stm32n6xx_hal_uart.h"
 112              		.file 9 "/home/tanjiajun2002/renesas/rzv/e2studio_v2025-01_fsp_v3.1.0/toolchains/gcc_arm/arm-gnu-t
ARM GAS  /tmp/cc1PClKG.s 			page 4


DEFINED SYMBOLS
                            *ABS*:00000000 console.c
     /tmp/cc1PClKG.s:26     .text._write:00000000 $t
     /tmp/cc1PClKG.s:32     .text._write:00000000 _write
     /tmp/cc1PClKG.s:99     .text._write:00000050 $d
                           .group:00000000 wm4.0.2a10773746a5c5ebb5552f50e466f80b
                           .group:00000000 wm4.stm32n6xx_hal_conf.h.21.004a06df6e15ac197e03f723792da58a
                           .group:00000000 wm4.stddef.h.39.0dc9006b34572d4d9cae4c8b422c4971
                           .group:00000000 wm4.arm_cmse.h.103.a0d15a79c4c9a67da8d5831704d7248e
                           .group:00000000 wm4.stm32n6xx.h.34.80585dd08aa426c932f6311fdb7386da
                           .group:00000000 wm4.stm32n657xx.h.26.acd272cb67318cc1a4791ce2f0720ca6
                           .group:00000000 wm4._newlib_version.h.4.411db44ea2338a62eca2f0777f81481b
                           .group:00000000 wm4.features.h.33.e0c9f337c65cb9f22ed5f23d082bc78b
                           .group:00000000 wm4._default_types.h.15.247e5cd201eca3442cbf5404108c4935
                           .group:00000000 wm4._intsup.h.10.48bafbb683905c4daa4565a85aeeb264
                           .group:00000000 wm4._stdint.h.10.c24fa3af3bc1706662bb5593a907e841
                           .group:00000000 wm4.stdint.h.23.d53047a68f4a85177f80b422d52785ed
                           .group:00000000 wm4.cmsis_version.h.32.0ac195c83bb4537824e6ad1c47474b79
                           .group:00000000 wm4.core_cm55.h.68.832d5cf835639cc0d28219c3d2867330
                           .group:00000000 wm4.cmsis_gcc.h.26.7a5fd1a99dbedde687044a4433ab3e15
                           .group:00000000 wm4.core_cm55.h.196.52e437a270752da561676e507b35baeb
                           .group:00000000 wm4.mpu_armv8.h.32.9d72426c8e2b47753456dcb84802c5b3
                           .group:00000000 wm4.pmu_armv8.h.32.eaa95f88a71b29390b135fd81c071b6b
                           .group:00000000 wm4.core_cm55.h.4411.860dad8650880893dd57b815844f7186
                           .group:00000000 wm4.cachel1_armv7.h.32.abd77761a989e008b0c60891114a33c7
                           .group:00000000 wm4.stm32n657xx.h.575.1c2a5e6bedffc6f9083dcc857bc6d09d
                           .group:00000000 wm4.stm32n6xx.h.114.5cf793d8af485e14f110e3e24bde1aa5
                           .group:00000000 wm4.stm32_hal_legacy.h.22.87fb12bf5a1a1e00fc134f22bc9aa8c4
                           .group:00000000 wm4.newlib.h.7.591ac1bd65c1f5b34864757667a05252
                           .group:00000000 wm4.ieeefp.h.77.bd5feb87d9990dd328793ced294f6a87
                           .group:00000000 wm4.config.h.224.10ee1ad185d877c6e334e6581faab44d
                           .group:00000000 wm4._ansi.h.31.de524f58584151836e90d8620a16f8e8
                           .group:00000000 wm4.cdefs.h.49.70fc7af612f78ddcace70fdd90b5623b
                           .group:00000000 wm4._types.h.20.dd0d04dca3800a0d2a6129b87f3adbb2
                           .group:00000000 wm4.stddef.h.158.6f8e08a347b1cff664332fa350bfceb3
                           .group:00000000 wm4._types.h.127.3bdfe3ff8ea2d0985b03d9cbe93480e3
                           .group:00000000 wm4.reent.h.18.25503cdc8b7e55dd0d6ea7b3e5af7a03
                           .group:00000000 wm4.lock.h.2.1461d1fff82dffe8bfddc23307f6484f
                           .group:00000000 wm4.reent.h.78.6b87466b04591b1f1cb88c14fdf2ba9e
                           .group:00000000 wm4.math.h.13.47cfc34cae8a1153323939c4d32cf7c2
                           .group:00000000 wm4.stm32n6xx_hal_def.h.63.3a8f01490e8852464e9fcb69092e9c75
                           .group:00000000 wm4.stm32n6xx_ll_bus.h.38.2366a295ee4cdb04833997d3787fcd2d
                           .group:00000000 wm4.stm32n6xx_ll_rcc.h.21.002e22a16fd7f67dde6dce41e8ba9620
                           .group:00000000 wm4.stm32n6xx_hal_rcc.h.194.1cb1283e40f9bebcd3fba2a9a961838e
                           .group:00000000 wm4.stm32n6xx_hal_rcc_ex.h.21.79aa32178dfef625fbd20d362449acfa
                           .group:00000000 wm4.stm32n6xx_hal_rcc.h.4359.3f0b7ad33826d95438602c9aebc08af9
                           .group:00000000 wm4.stm32n6xx_hal_gpio.h.21.89d54af663b98eb8fc098192053f7eeb
                           .group:00000000 wm4.stm32n6xx_hal_gpio_ex.h.22.4acb2e3511a98bb48b81cfc8e09fd59e
                           .group:00000000 wm4.stm32n6xx_hal_rif.h.21.424d0bafb874a777dee3742a22e13037
                           .group:00000000 wm4.stm32n6xx_hal_dma.h.21.61e48c5c2e8d25d22177834b232fe45c
                           .group:00000000 wm4.stm32n6xx_hal_dma_ex.h.21.66e597beb090a165329d6ccf665e41bc
                           .group:00000000 wm4.stm32n6xx_hal_dma.h.1020.87e2180c009560b617c1f8208140c950
                           .group:00000000 wm4.stm32n6xx_hal_cortex.h.21.f493623cc58f9454ab4eae41e395c5cc
                           .group:00000000 wm4.stm32n6xx_hal_bsec.h.21.61b309e67dd810e28897a01b1b21a97f
                           .group:00000000 wm4.stm32n6xx_hal_dcmipp.h.21.f538bfd785c6469670251ac9bc7af55d
                           .group:00000000 wm4.stm32n6xx_hal_dma2d.h.21.75c8d46cdbb72970123b3f34ae2043d7
                           .group:00000000 wm4.stm32n6xx_hal_exti.h.21.fda87e715ea6b98239ec30171d1df594
ARM GAS  /tmp/cc1PClKG.s 			page 5


                           .group:00000000 wm4.stm32n6xx_hal_gfxmmu.h.21.9784a9103143d48bd3c37389d0e0b8e6
                           .group:00000000 wm4.stm32n6xx_hal_i2c.h.21.3f483626ff64c5bf027265bb2e1d1331
                           .group:00000000 wm4.stm32n6xx_hal_i2c_ex.h.21.79e9196c22282cdaf6b4047893638c45
                           .group:00000000 wm4.stm32n6xx_hal_i2c.h.741.1084702632703acc669e4282b3043372
                           .group:00000000 wm4.stm32n6xx_hal_icache.h.21.194b4ec6e76f32b14f65c85616854850
                           .group:00000000 wm4.stm32n6xx_hal_ltdc.h.21.ae1eb09930e7e550e48e418ac5849e4d
                           .group:00000000 wm4.stm32n6xx_hal_ltdc.h.1002.b13ede7fc94ed5ad1c6768a157d2149a
                           .group:00000000 wm4.stm32n6xx_ll_usb.h.21.d518a5d97876c2ff49040c20a2c4a120
                           .group:00000000 wm4.stm32n6xx_hal_pcd.h.155.27040aac6844effe2af8c180caf1dd2e
                           .group:00000000 wm4.stm32n6xx_hal_pwr.h.21.cdb73e4869c3fed3fc84f901ec0e5f0a
                           .group:00000000 wm4.stm32n6xx_hal_pwr_ex.h.21.1a673224a58b0c1e5fad8eeda6514208
                           .group:00000000 wm4.stm32n6xx_hal_ramcfg.h.21.a62dfbb4d2c14e9a8c634a215e37bd3d
                           .group:00000000 wm4.stm32n6xx_hal_spi.h.21.9f810303326e2d91749800e9911f8e4d
                           .group:00000000 wm4.stm32n6xx_hal_spi.h.906.93ec0695066db4253cdbcb7d84358a0b
                           .group:00000000 wm4.stm32n6xx_hal_tim.h.21.839dd2b2a70382fb2c44f8f293a84d5f
                           .group:00000000 wm4.stm32n6xx_hal_tim_ex.h.21.e372d5ac63c13441211ea4ecbd353150
                           .group:00000000 wm4.stm32n6xx_hal_uart.h.21.230f549bfa0d5ebfd77bfb311b2aca15
                           .group:00000000 wm4.stm32n6xx_hal_uart_ex.h.21.a0d5511e1d0703b7b5278c8f5472b96d
                           .group:00000000 wm4.stm32n6xx_hal_xspi.h.21.e17898be2073b6b6b19faf30b4e304e9
                           .group:00000000 wm4.stm32n6xx_hal_cacheaxi.h.21.7c3375b7903ec42376e4883320997f74
                           .group:00000000 wm4.stm32n6xx_hal_gpu2d.h.21.48d0249122abad294a630c39cc4ebaed
                           .group:00000000 wm4.stm32n6xx_hal.h.81.5e59143eba07faca3e9aeaa5470826c8
                           .group:00000000 wm4.errno.h.2.ba016d646105af6cad23be83630b6a3f
                           .group:00000000 wm4.errno.h.9.ae5ea2b0ff9ea6e39e585807e35200d3
                           .group:00000000 wm4.unistd.h.2.39165d5b7784d1815ef4b0c4be6df560
                           .group:00000000 wm4.types.h.40.8b6acba56cefbb11746718204edc8f5e
                           .group:00000000 wm4._endian.h.31.65a10590763c3dde1ac4a7f66d7d4891
                           .group:00000000 wm4.endian.h.9.49f3a4695c1b61e8a0808de3c4a106cb
                           .group:00000000 wm4._timeval.h.32.bec3221fa7a9bb0bdde696c9c57e47d2
                           .group:00000000 wm4.timespec.h.41.d855182eb0e690443ab8651bcedca6e1
                           .group:00000000 wm4.select.h.19.8c04bee5682eafa577cf6325dd7ee64c
                           .group:00000000 wm4.types.h.51.e2a6e4379b4797ffcc4841f8498fd61b
                           .group:00000000 wm4.sched.h.22.c60982713a5c428609783c78f9c78d95
                           .group:00000000 wm4._pthreadtypes.h.36.fcee9961c35163dde6267ef772ad1972
                           .group:00000000 wm4.stddef.h.158.eec8bf00b5213f43d095cb984c5f22e3
                           .group:00000000 wm4.unistd.h.166.64f46862ce0a3925984c663d49123e22

UNDEFINED SYMBOLS
__errno
HAL_UART_Transmit
huart1
