ARM GAS  /tmp/cc64CKed.s 			page 1


   1              		.arch armv8.1-m.main
   2              		.fpu fpv5-d16
   3              		.arch_extension dsp
   4              		.arch_extension fp
   5              		.arch_extension fp.dp
   6              		.arch_extension mve
   7              		.arch_extension mve.fp
   8              		.eabi_attribute 5, "cortex-m55"
   9              		.eabi_attribute 28, 1
  10              		.eabi_attribute 20, 1
  11              		.eabi_attribute 21, 1
  12              		.eabi_attribute 23, 3
  13              		.eabi_attribute 24, 1
  14              		.eabi_attribute 25, 1
  15              		.eabi_attribute 26, 1
  16              		.eabi_attribute 30, 6
  17              		.eabi_attribute 34, 1
  18              		.eabi_attribute 38, 1
  19              		.eabi_attribute 18, 4
  20              		.file	"imx335_reg.c"
  21              		.text
  22              	.Ltext0:
  23              		.cfi_sections	.debug_frame
  24              		.file 1 "Lib/Camera_Middleware/sensors/imx335/imx335_reg.c"
  25              		.section	.text.imx335_read_reg,"ax",%progbits
  26              		.align	1
  27              		.global	imx335_read_reg
  28              		.syntax unified
  29              		.thumb
  30              		.thumb_func
  32              	imx335_read_reg:
  33              	.LFB141:
   1:Lib/Camera_Middleware/sensors/imx335/imx335_reg.c **** /**
   2:Lib/Camera_Middleware/sensors/imx335/imx335_reg.c ****   ******************************************************************************
   3:Lib/Camera_Middleware/sensors/imx335/imx335_reg.c ****   * @file    imx335_reg.c
   4:Lib/Camera_Middleware/sensors/imx335/imx335_reg.c ****   * @author  MCD Application Team
   5:Lib/Camera_Middleware/sensors/imx335/imx335_reg.c ****   * @brief   This file provides unitary register function to control the IMX335
   6:Lib/Camera_Middleware/sensors/imx335/imx335_reg.c ****   *          Camera driver.
   7:Lib/Camera_Middleware/sensors/imx335/imx335_reg.c ****   ******************************************************************************
   8:Lib/Camera_Middleware/sensors/imx335/imx335_reg.c ****   * @attention
   9:Lib/Camera_Middleware/sensors/imx335/imx335_reg.c ****   *
  10:Lib/Camera_Middleware/sensors/imx335/imx335_reg.c ****   * Copyright (c) 2022 STMicroelectronics.
  11:Lib/Camera_Middleware/sensors/imx335/imx335_reg.c ****   * All rights reserved.
  12:Lib/Camera_Middleware/sensors/imx335/imx335_reg.c ****   *
  13:Lib/Camera_Middleware/sensors/imx335/imx335_reg.c ****   * This software is licensed under terms that can be found in the LICENSE file
  14:Lib/Camera_Middleware/sensors/imx335/imx335_reg.c ****   * in the root directory of this software component.
  15:Lib/Camera_Middleware/sensors/imx335/imx335_reg.c ****   * If no LICENSE file comes with this software, it is provided AS-IS.
  16:Lib/Camera_Middleware/sensors/imx335/imx335_reg.c ****   *
  17:Lib/Camera_Middleware/sensors/imx335/imx335_reg.c ****   ******************************************************************************
  18:Lib/Camera_Middleware/sensors/imx335/imx335_reg.c ****   */
  19:Lib/Camera_Middleware/sensors/imx335/imx335_reg.c **** 
  20:Lib/Camera_Middleware/sensors/imx335/imx335_reg.c **** /* Includes ------------------------------------------------------------------*/
  21:Lib/Camera_Middleware/sensors/imx335/imx335_reg.c **** #include "imx335_reg.h"
  22:Lib/Camera_Middleware/sensors/imx335/imx335_reg.c **** 
  23:Lib/Camera_Middleware/sensors/imx335/imx335_reg.c **** /** @addtogroup BSP
  24:Lib/Camera_Middleware/sensors/imx335/imx335_reg.c ****   * @{
  25:Lib/Camera_Middleware/sensors/imx335/imx335_reg.c ****   */
ARM GAS  /tmp/cc64CKed.s 			page 2


  26:Lib/Camera_Middleware/sensors/imx335/imx335_reg.c **** 
  27:Lib/Camera_Middleware/sensors/imx335/imx335_reg.c **** /** @addtogroup Components
  28:Lib/Camera_Middleware/sensors/imx335/imx335_reg.c ****   * @{
  29:Lib/Camera_Middleware/sensors/imx335/imx335_reg.c ****   */
  30:Lib/Camera_Middleware/sensors/imx335/imx335_reg.c **** 
  31:Lib/Camera_Middleware/sensors/imx335/imx335_reg.c **** /** @addtogroup IMX335
  32:Lib/Camera_Middleware/sensors/imx335/imx335_reg.c ****   * @brief     This file provides a set of functions needed to drive the
  33:Lib/Camera_Middleware/sensors/imx335/imx335_reg.c ****   *            IMX335 Camera sensor.
  34:Lib/Camera_Middleware/sensors/imx335/imx335_reg.c ****   * @{
  35:Lib/Camera_Middleware/sensors/imx335/imx335_reg.c ****   */
  36:Lib/Camera_Middleware/sensors/imx335/imx335_reg.c **** 
  37:Lib/Camera_Middleware/sensors/imx335/imx335_reg.c **** /**
  38:Lib/Camera_Middleware/sensors/imx335/imx335_reg.c ****   * @brief  Read IMX335 component registers
  39:Lib/Camera_Middleware/sensors/imx335/imx335_reg.c ****   * @param  ctx component context
  40:Lib/Camera_Middleware/sensors/imx335/imx335_reg.c ****   * @param  reg Register to read from
  41:Lib/Camera_Middleware/sensors/imx335/imx335_reg.c ****   * @param  pdata Pointer to data buffer
  42:Lib/Camera_Middleware/sensors/imx335/imx335_reg.c ****   * @param  length Number of data to read
  43:Lib/Camera_Middleware/sensors/imx335/imx335_reg.c ****   * @retval Component status
  44:Lib/Camera_Middleware/sensors/imx335/imx335_reg.c ****   */
  45:Lib/Camera_Middleware/sensors/imx335/imx335_reg.c **** int32_t imx335_read_reg(imx335_ctx_t *ctx, uint16_t reg, uint8_t *pdata, uint16_t length)
  46:Lib/Camera_Middleware/sensors/imx335/imx335_reg.c **** {
  34              		.loc 1 46 1
  35              		.cfi_startproc
  36              		@ args = 0, pretend = 0, frame = 16
  37              		@ frame_needed = 1, uses_anonymous_args = 0
  38 0000 90B5     		push	{r4, r7, lr}
  39              		.cfi_def_cfa_offset 12
  40              		.cfi_offset 4, -12
  41              		.cfi_offset 7, -8
  42              		.cfi_offset 14, -4
  43 0002 85B0     		sub	sp, sp, #20
  44              		.cfi_def_cfa_offset 32
  45 0004 00AF     		add	r7, sp, #0
  46              		.cfi_def_cfa_register 7
  47 0006 F860     		str	r0, [r7, #12]
  48 0008 7A60     		str	r2, [r7, #4]
  49 000a 1A46     		mov	r2, r3
  50 000c 0B46     		mov	r3, r1	@ movhi
  51 000e 7B81     		strh	r3, [r7, #10]	@ movhi
  52 0010 1346     		mov	r3, r2	@ movhi
  53 0012 3B81     		strh	r3, [r7, #8]	@ movhi
  47:Lib/Camera_Middleware/sensors/imx335/imx335_reg.c ****   return ctx->ReadReg(ctx->handle, reg, pdata, length);
  54              		.loc 1 47 13
  55 0014 FB68     		ldr	r3, [r7, #12]
  56 0016 5C68     		ldr	r4, [r3, #4]
  57              		.loc 1 47 10
  58 0018 FB68     		ldr	r3, [r7, #12]
  59 001a 9868     		ldr	r0, [r3, #8]
  60 001c 3B89     		ldrh	r3, [r7, #8]
  61 001e 7989     		ldrh	r1, [r7, #10]
  62 0020 7A68     		ldr	r2, [r7, #4]
  63 0022 A047     		blx	r4
  64              	.LVL0:
  65 0024 0346     		mov	r3, r0
  48:Lib/Camera_Middleware/sensors/imx335/imx335_reg.c **** }
  66              		.loc 1 48 1
  67 0026 1846     		mov	r0, r3
ARM GAS  /tmp/cc64CKed.s 			page 3


  68 0028 1437     		adds	r7, r7, #20
  69              		.cfi_def_cfa_offset 12
  70 002a BD46     		mov	sp, r7
  71              		.cfi_def_cfa_register 13
  72              		@ sp needed
  73 002c 90BD     		pop	{r4, r7, pc}
  74              		.cfi_endproc
  75              	.LFE141:
  77              		.section	.text.imx335_write_reg,"ax",%progbits
  78              		.align	1
  79              		.global	imx335_write_reg
  80              		.syntax unified
  81              		.thumb
  82              		.thumb_func
  84              	imx335_write_reg:
  85              	.LFB142:
  49:Lib/Camera_Middleware/sensors/imx335/imx335_reg.c **** 
  50:Lib/Camera_Middleware/sensors/imx335/imx335_reg.c **** /**
  51:Lib/Camera_Middleware/sensors/imx335/imx335_reg.c ****   * @brief  Write IMX335 component registers
  52:Lib/Camera_Middleware/sensors/imx335/imx335_reg.c ****   * @param  ctx component context
  53:Lib/Camera_Middleware/sensors/imx335/imx335_reg.c ****   * @param  reg Register to write to
  54:Lib/Camera_Middleware/sensors/imx335/imx335_reg.c ****   * @param  pdata Pointer to data buffer
  55:Lib/Camera_Middleware/sensors/imx335/imx335_reg.c ****   * @param  length Number of data to write
  56:Lib/Camera_Middleware/sensors/imx335/imx335_reg.c ****   * @retval Component status
  57:Lib/Camera_Middleware/sensors/imx335/imx335_reg.c ****   */
  58:Lib/Camera_Middleware/sensors/imx335/imx335_reg.c **** int32_t imx335_write_reg(imx335_ctx_t *ctx, uint16_t reg, uint8_t *data, uint16_t length)
  59:Lib/Camera_Middleware/sensors/imx335/imx335_reg.c **** {
  86              		.loc 1 59 1
  87              		.cfi_startproc
  88              		@ args = 0, pretend = 0, frame = 16
  89              		@ frame_needed = 1, uses_anonymous_args = 0
  90 0000 90B5     		push	{r4, r7, lr}
  91              		.cfi_def_cfa_offset 12
  92              		.cfi_offset 4, -12
  93              		.cfi_offset 7, -8
  94              		.cfi_offset 14, -4
  95 0002 85B0     		sub	sp, sp, #20
  96              		.cfi_def_cfa_offset 32
  97 0004 00AF     		add	r7, sp, #0
  98              		.cfi_def_cfa_register 7
  99 0006 F860     		str	r0, [r7, #12]
 100 0008 7A60     		str	r2, [r7, #4]
 101 000a 1A46     		mov	r2, r3
 102 000c 0B46     		mov	r3, r1	@ movhi
 103 000e 7B81     		strh	r3, [r7, #10]	@ movhi
 104 0010 1346     		mov	r3, r2	@ movhi
 105 0012 3B81     		strh	r3, [r7, #8]	@ movhi
  60:Lib/Camera_Middleware/sensors/imx335/imx335_reg.c ****   return ctx->WriteReg(ctx->handle, reg, data, length);
 106              		.loc 1 60 13
 107 0014 FB68     		ldr	r3, [r7, #12]
 108 0016 1C68     		ldr	r4, [r3]
 109              		.loc 1 60 10
 110 0018 FB68     		ldr	r3, [r7, #12]
 111 001a 9868     		ldr	r0, [r3, #8]
 112 001c 3B89     		ldrh	r3, [r7, #8]
 113 001e 7989     		ldrh	r1, [r7, #10]
 114 0020 7A68     		ldr	r2, [r7, #4]
ARM GAS  /tmp/cc64CKed.s 			page 4


 115 0022 A047     		blx	r4
 116              	.LVL1:
 117 0024 0346     		mov	r3, r0
  61:Lib/Camera_Middleware/sensors/imx335/imx335_reg.c **** }
 118              		.loc 1 61 1
 119 0026 1846     		mov	r0, r3
 120 0028 1437     		adds	r7, r7, #20
 121              		.cfi_def_cfa_offset 12
 122 002a BD46     		mov	sp, r7
 123              		.cfi_def_cfa_register 13
 124              		@ sp needed
 125 002c 90BD     		pop	{r4, r7, pc}
 126              		.cfi_endproc
 127              	.LFE142:
 129              		.text
 130              	.Letext0:
 131              		.file 2 "/home/tanjiajun2002/renesas/rzv/e2studio_v2025-01_fsp_v3.1.0/toolchains/gcc_arm/arm-gnu-t
 132              		.file 3 "/home/tanjiajun2002/renesas/rzv/e2studio_v2025-01_fsp_v3.1.0/toolchains/gcc_arm/arm-gnu-t
 133              		.file 4 "Lib/Camera_Middleware/sensors/imx335/imx335_reg.h"
ARM GAS  /tmp/cc64CKed.s 			page 5


DEFINED SYMBOLS
                            *ABS*:00000000 imx335_reg.c
     /tmp/cc64CKed.s:26     .text.imx335_read_reg:00000000 $t
     /tmp/cc64CKed.s:32     .text.imx335_read_reg:00000000 imx335_read_reg
     /tmp/cc64CKed.s:78     .text.imx335_write_reg:00000000 $t
     /tmp/cc64CKed.s:84     .text.imx335_write_reg:00000000 imx335_write_reg
                           .group:00000000 wm4.0.2a10773746a5c5ebb5552f50e466f80b
                           .group:00000000 wm4._newlib_version.h.4.411db44ea2338a62eca2f0777f81481b
                           .group:00000000 wm4.features.h.33.e0c9f337c65cb9f22ed5f23d082bc78b
                           .group:00000000 wm4._default_types.h.15.247e5cd201eca3442cbf5404108c4935
                           .group:00000000 wm4._intsup.h.10.48bafbb683905c4daa4565a85aeeb264
                           .group:00000000 wm4._stdint.h.10.c24fa3af3bc1706662bb5593a907e841
                           .group:00000000 wm4.stdint.h.23.d53047a68f4a85177f80b422d52785ed
                           .group:00000000 wm4.cmsis_gcc.h.26.7a5fd1a99dbedde687044a4433ab3e15
                           .group:00000000 wm4.imx335_reg.h.54.5a514438257bac8538396801cc14ea29

NO UNDEFINED SYMBOLS
