ARM GAS  /tmp/cc03Si46.s 			page 1


   1              		.arch armv8.1-m.main
   2              		.fpu fpv5-d16
   3              		.arch_extension dsp
   4              		.arch_extension fp
   5              		.arch_extension fp.dp
   6              		.arch_extension mve
   7              		.arch_extension mve.fp
   8              		.eabi_attribute 5, "cortex-m55"
   9              		.eabi_attribute 28, 1
  10              		.eabi_attribute 20, 1
  11              		.eabi_attribute 21, 1
  12              		.eabi_attribute 23, 3
  13              		.eabi_attribute 24, 1
  14              		.eabi_attribute 25, 1
  15              		.eabi_attribute 26, 1
  16              		.eabi_attribute 30, 4
  17              		.eabi_attribute 34, 1
  18              		.eabi_attribute 38, 1
  19              		.eabi_attribute 18, 4
  20              		.file	"ld.c"
  21              		.text
  22              	.Ltext0:
  23              		.cfi_sections	.debug_frame
  24              		.file 1 "Src/ld.c"
  25              		.section	.text.ld_post_process,"ax",%progbits
  26              		.align	1
  27              		.global	ld_post_process
  28              		.syntax unified
  29              		.thumb
  30              		.thumb_func
  32              	ld_post_process:
  33              	.LVL0:
  34              	.LFB3:
   1:Src/ld.c      **** /**
   2:Src/ld.c      ****   ******************************************************************************
   3:Src/ld.c      ****   * @file    ld.c
   4:Src/ld.c      ****   * @author  MDG Application Team
   5:Src/ld.c      ****   ******************************************************************************
   6:Src/ld.c      ****   * @attention
   7:Src/ld.c      ****   *
   8:Src/ld.c      ****   * Copyright (c) 2024 STMicroelectronics.
   9:Src/ld.c      ****   * All rights reserved.
  10:Src/ld.c      ****   *
  11:Src/ld.c      ****   * This software is licensed under terms that can be found in the LICENSE file
  12:Src/ld.c      ****   * in the root directory of this software component.
  13:Src/ld.c      ****   * If no LICENSE file comes with this software, it is provided AS-IS.
  14:Src/ld.c      ****   *
  15:Src/ld.c      ****   ******************************************************************************
  16:Src/ld.c      ****   */
  17:Src/ld.c      **** 
  18:Src/ld.c      **** #include "ld.h"
  19:Src/ld.c      **** 
  20:Src/ld.c      **** #include <stdio.h>
  21:Src/ld.c      **** 
  22:Src/ld.c      **** int ld_post_process(float *probs, float *raw_landmarks, ld_point_t landmarks[LD_LANDMARK_NB])
  23:Src/ld.c      **** {
  35              		.loc 1 23 1 view -0
ARM GAS  /tmp/cc03Si46.s 			page 2


  36              		.cfi_startproc
  37              		@ args = 0, pretend = 0, frame = 0
  38              		@ frame_needed = 0, uses_anonymous_args = 0
  24:Src/ld.c      ****   int i;
  39              		.loc 1 24 3 view .LVU1
  25:Src/ld.c      **** 
  26:Src/ld.c      ****   if (*probs < LD_PROB_THRESHOLD)
  40              		.loc 1 26 3 view .LVU2
  41              		.loc 1 26 6 is_stmt 0 view .LVU3
  42 0000 90ED007A 		vldr.32	s14, [r0]
  43 0004 F5EE007A 		vmov.f32	s15, #2.5e-1
  44 0008 B4EEE77A 		vcmpe.f32	s14, s15
  45 000c F1EE10FA 		vmrs	APSR_nzcv, FPSCR
  23:Src/ld.c      ****   int i;
  46              		.loc 1 23 1 view .LVU4
  47 0010 00B5     		push	{lr}
  48              		.cfi_def_cfa_offset 4
  49              		.cfi_offset 14, -4
  50              		.loc 1 26 6 view .LVU5
  51 0012 18D4     		bmi	.L4
  27:Src/ld.c      ****     return 0;
  28:Src/ld.c      **** 
  29:Src/ld.c      ****   for (i = 0; i < LD_LANDMARK_NB; i++) {
  30:Src/ld.c      ****     landmarks[i].x = raw_landmarks[i * 3 + 0] / LD_WIDTH;
  52              		.loc 1 30 47 view .LVU6
  53 0014 4FF4EA7E 		mov	lr, #468
  54 0018 DFED0C7A 		vldr.32	s15, .L6
  55 001c 4EF001E0 		dls	lr, lr
  56              	.LVL1:
  57              	.L3:
  58              		.loc 1 30 5 is_stmt 1 view .LVU7
  59              		.loc 1 30 47 is_stmt 0 view .LVU8
  60 0020 D1ED006A 		vldr.32	s13, [r1]
  61 0024 86EEA77A 		vdiv.f32	s14, s13, s15
  62              		.loc 1 30 20 view .LVU9
  63 0028 82ED007A 		vstr.32	s14, [r2]
  31:Src/ld.c      ****     landmarks[i].y = raw_landmarks[i * 3 + 1] / LD_WIDTH;
  64              		.loc 1 31 5 is_stmt 1 view .LVU10
  65              		.loc 1 31 47 is_stmt 0 view .LVU11
  66 002c D1ED016A 		vldr.32	s13, [r1, #4]
  67 0030 86EEA77A 		vdiv.f32	s14, s13, s15
  29:Src/ld.c      ****     landmarks[i].x = raw_landmarks[i * 3 + 0] / LD_WIDTH;
  68              		.loc 1 29 17 discriminator 1 view .LVU12
  69 0034 0C31     		adds	r1, r1, #12
  70              		.loc 1 31 20 view .LVU13
  71 0036 82ED017A 		vstr.32	s14, [r2, #4]
  29:Src/ld.c      ****     landmarks[i].x = raw_landmarks[i * 3 + 0] / LD_WIDTH;
  72              		.loc 1 29 36 is_stmt 1 discriminator 3 view .LVU14
  29:Src/ld.c      ****     landmarks[i].x = raw_landmarks[i * 3 + 0] / LD_WIDTH;
  73              		.loc 1 29 17 discriminator 1 view .LVU15
  74 003a 0832     		adds	r2, r2, #8
  75 003c 0FF011C0 		le	lr, .L3
  32:Src/ld.c      ****   }
  33:Src/ld.c      **** 
  34:Src/ld.c      ****   return 1;
  76              		.loc 1 34 10 is_stmt 0 view .LVU16
  77 0040 0120     		movs	r0, #1
ARM GAS  /tmp/cc03Si46.s 			page 3


  78              	.LVL2:
  79              	.L1:
  35:Src/ld.c      **** }
  80              		.loc 1 35 1 view .LVU17
  81 0042 5DF804FB 		ldr	pc, [sp], #4
  82              	.LVL3:
  83              	.L4:
  27:Src/ld.c      **** 
  84              		.loc 1 27 12 view .LVU18
  85 0046 0020     		movs	r0, #0
  86              	.LVL4:
  27:Src/ld.c      **** 
  87              		.loc 1 27 12 view .LVU19
  88 0048 FBE7     		b	.L1
  89              	.L7:
  90 004a 00BF     		.align	2
  91              	.L6:
  92 004c 00004043 		.word	1128267776
  93              		.cfi_endproc
  94              	.LFE3:
  96              		.text
  97              	.Letext0:
  98              		.file 2 "Inc/ld.h"
ARM GAS  /tmp/cc03Si46.s 			page 4


DEFINED SYMBOLS
                            *ABS*:00000000 ld.c
     /tmp/cc03Si46.s:26     .text.ld_post_process:00000000 $t
     /tmp/cc03Si46.s:32     .text.ld_post_process:00000000 ld_post_process
     /tmp/cc03Si46.s:92     .text.ld_post_process:0000004c $d
                           .group:00000000 wm4.0.c552ae9005b0f2cca11872fae5d4b7f2
                           .group:00000000 wm4.ld.h.19.137dbadf938c8a0cfe15d7982e5e13e2
                           .group:00000000 wm4._newlib_version.h.4.411db44ea2338a62eca2f0777f81481b
                           .group:00000000 wm4.newlib.h.27.4b972ceed5d01f491020c20f1e546cab
                           .group:00000000 wm4.ieeefp.h.77.bd5feb87d9990dd328793ced294f6a87
                           .group:00000000 wm4.features.h.22.9dfb1293666eb4caf24cccb81c86a551
                           .group:00000000 wm4.config.h.224.10ee1ad185d877c6e334e6581faab44d
                           .group:00000000 wm4._ansi.h.31.de524f58584151836e90d8620a16f8e8
                           .group:00000000 wm4.stdio.h.31.7c0e28c411445f3f9c5b11accf882760
                           .group:00000000 wm4._default_types.h.6.959254cf5f09734ea7516c89e8bb21bd
                           .group:00000000 wm4.stddef.h.185.cbb642e1ccd385e8aa504b15cb7fb086
                           .group:00000000 wm4.cdefs.h.49.70fc7af612f78ddcace70fdd90b5623b
                           .group:00000000 wm4.stddef.h.39.6817658cc6bc4c7c8354d2009e4a5777
                           .group:00000000 wm4.stdarg.h.34.3a23a216c0c293b3d2ea2e89281481e6
                           .group:00000000 wm4._types.h.20.dd0d04dca3800a0d2a6129b87f3adbb2
                           .group:00000000 wm4.stddef.h.158.6f8e08a347b1cff664332fa350bfceb3
                           .group:00000000 wm4._types.h.127.3bdfe3ff8ea2d0985b03d9cbe93480e3
                           .group:00000000 wm4.reent.h.18.25503cdc8b7e55dd0d6ea7b3e5af7a03
                           .group:00000000 wm4.lock.h.2.1461d1fff82dffe8bfddc23307f6484f
                           .group:00000000 wm4.reent.h.78.6b87466b04591b1f1cb88c14fdf2ba9e
                           .group:00000000 wm4.stdio.h.67.0cf8a9c281ab0b348aef5c02e7e48825
                           .group:00000000 wm4.stdio.h.2.4aa87247282eca6c8f36f9de33d8df1a
                           .group:00000000 wm4.stdio.h.87.a1e20d2651f9bfb66e51bfbe849db00a

NO UNDEFINED SYMBOLS
