ARM GAS  /tmp/ccd9ELl9.s 			page 1


   1              		.arch armv8.1-m.main
   2              		.fpu fpv5-d16
   3              		.arch_extension dsp
   4              		.arch_extension fp
   5              		.arch_extension fp.dp
   6              		.arch_extension mve
   7              		.arch_extension mve.fp
   8              		.eabi_attribute 5, "cortex-m55"
   9              		.eabi_attribute 28, 1
  10              		.eabi_attribute 20, 1
  11              		.eabi_attribute 21, 1
  12              		.eabi_attribute 23, 3
  13              		.eabi_attribute 24, 1
  14              		.eabi_attribute 25, 1
  15              		.eabi_attribute 26, 1
  16              		.eabi_attribute 30, 6
  17              		.eabi_attribute 34, 1
  18              		.eabi_attribute 38, 1
  19              		.eabi_attribute 18, 4
  20              		.file	"stm32_lcd_ex.c"
  21              		.text
  22              	.Ltext0:
  23              		.cfi_sections	.debug_frame
  24              		.file 1 "Src/stm32_lcd_ex.c"
  25              		.section	.text.UTIL_LCDEx_PrintfAtLine,"ax",%progbits
  26              		.align	1
  27              		.global	UTIL_LCDEx_PrintfAtLine
  28              		.syntax unified
  29              		.thumb
  30              		.thumb_func
  32              	UTIL_LCDEx_PrintfAtLine:
  33              	.LFB3:
   1:Src/stm32_lcd_ex.c ****  /**
   2:Src/stm32_lcd_ex.c ****  ******************************************************************************
   3:Src/stm32_lcd_ex.c ****  * @file    stm32_lcd_ex.c
   4:Src/stm32_lcd_ex.c ****  * @author  GPM Application Team
   5:Src/stm32_lcd_ex.c ****  *
   6:Src/stm32_lcd_ex.c ****  ******************************************************************************
   7:Src/stm32_lcd_ex.c ****  * @attention
   8:Src/stm32_lcd_ex.c ****  *
   9:Src/stm32_lcd_ex.c ****  * Copyright (c) 2023 STMicroelectronics.
  10:Src/stm32_lcd_ex.c ****  * All rights reserved.
  11:Src/stm32_lcd_ex.c ****  *
  12:Src/stm32_lcd_ex.c ****  * This software is licensed under terms that can be found in the LICENSE file
  13:Src/stm32_lcd_ex.c ****  * in the root directory of this software component.
  14:Src/stm32_lcd_ex.c ****  * If no LICENSE file comes with this software, it is provided AS-IS.
  15:Src/stm32_lcd_ex.c ****  *
  16:Src/stm32_lcd_ex.c ****  ******************************************************************************
  17:Src/stm32_lcd_ex.c ****  */
  18:Src/stm32_lcd_ex.c **** 
  19:Src/stm32_lcd_ex.c **** /* Includes ------------------------------------------------------------------*/
  20:Src/stm32_lcd_ex.c **** #include "stm32_lcd_ex.h"
  21:Src/stm32_lcd_ex.c **** #include <stdio.h>
  22:Src/stm32_lcd_ex.c **** #include <stdarg.h>
  23:Src/stm32_lcd_ex.c **** 
  24:Src/stm32_lcd_ex.c **** /* Private define ------------------------------------------------------------*/
  25:Src/stm32_lcd_ex.c **** #define N_PRINTABLE_CHARS    47 /*!< 800px wide screen / 17px wide font */
ARM GAS  /tmp/ccd9ELl9.s 			page 2


  26:Src/stm32_lcd_ex.c **** 
  27:Src/stm32_lcd_ex.c **** /* Functions Definition ------------------------------------------------------*/
  28:Src/stm32_lcd_ex.c **** void UTIL_LCDEx_PrintfAtLine(uint16_t line, const char * format, ...)
  29:Src/stm32_lcd_ex.c **** {
  34              		.loc 1 29 1
  35              		.cfi_startproc
  36              		@ args = 4, pretend = 12, frame = 16
  37              		@ frame_needed = 1, uses_anonymous_args = 1
  38 0000 0EB4     		push	{r1, r2, r3}
  39              		.cfi_def_cfa_offset 12
  40              		.cfi_offset 1, -12
  41              		.cfi_offset 2, -8
  42              		.cfi_offset 3, -4
  43 0002 80B5     		push	{r7, lr}
  44              		.cfi_def_cfa_offset 20
  45              		.cfi_offset 7, -20
  46              		.cfi_offset 14, -16
  47 0004 85B0     		sub	sp, sp, #20
  48              		.cfi_def_cfa_offset 40
  49 0006 00AF     		add	r7, sp, #0
  50              		.cfi_def_cfa_register 7
  51 0008 0346     		mov	r3, r0
  52 000a FB80     		strh	r3, [r7, #6]	@ movhi
  30:Src/stm32_lcd_ex.c ****   static char buffer[N_PRINTABLE_CHARS + 1];
  31:Src/stm32_lcd_ex.c ****   va_list args;
  32:Src/stm32_lcd_ex.c ****   va_start(args, format);
  53              		.loc 1 32 3
  54 000c 07F12003 		add	r3, r7, #32
  55 0010 FB60     		str	r3, [r7, #12]
  33:Src/stm32_lcd_ex.c ****   vsnprintf(buffer, N_PRINTABLE_CHARS + 1, format, args);
  56              		.loc 1 33 3
  57 0012 FB68     		ldr	r3, [r7, #12]
  58 0014 FA69     		ldr	r2, [r7, #28]
  59 0016 3021     		movs	r1, #48
  60 0018 0748     		ldr	r0, .L2
  61 001a FFF7FEFF 		bl	vsnprintf
  34:Src/stm32_lcd_ex.c ****   UTIL_LCD_DisplayStringAtLine(line, (uint8_t *) buffer);
  62              		.loc 1 34 3
  63 001e FB88     		ldrh	r3, [r7, #6]
  64 0020 0549     		ldr	r1, .L2
  65 0022 1846     		mov	r0, r3
  66 0024 FFF7FEFF 		bl	UTIL_LCD_DisplayStringAtLine
  35:Src/stm32_lcd_ex.c ****   va_end(args);
  36:Src/stm32_lcd_ex.c **** }
  67              		.loc 1 36 1
  68 0028 00BF     		nop
  69 002a 1437     		adds	r7, r7, #20
  70              		.cfi_def_cfa_offset 20
  71 002c BD46     		mov	sp, r7
  72              		.cfi_def_cfa_register 13
  73              		@ sp needed
  74 002e BDE88040 		pop	{r7, lr}
  75              		.cfi_restore 14
  76              		.cfi_restore 7
  77              		.cfi_def_cfa_offset 12
  78 0032 03B0     		add	sp, sp, #12
  79              		.cfi_restore 3
ARM GAS  /tmp/ccd9ELl9.s 			page 3


  80              		.cfi_restore 2
  81              		.cfi_restore 1
  82              		.cfi_def_cfa_offset 0
  83 0034 7047     		bx	lr
  84              	.L3:
  85 0036 00BF     		.align	2
  86              	.L2:
  87 0038 00000000 		.word	buffer.1
  88              		.cfi_endproc
  89              	.LFE3:
  91              		.section	.text.UTIL_LCDEx_PrintfAt,"ax",%progbits
  92              		.align	1
  93              		.global	UTIL_LCDEx_PrintfAt
  94              		.syntax unified
  95              		.thumb
  96              		.thumb_func
  98              	UTIL_LCDEx_PrintfAt:
  99              	.LFB4:
  37:Src/stm32_lcd_ex.c **** 
  38:Src/stm32_lcd_ex.c **** void UTIL_LCDEx_PrintfAt(uint32_t x_pos, uint32_t y_pos, Text_AlignModeTypdef mode, const char * fo
  39:Src/stm32_lcd_ex.c **** {
 100              		.loc 1 39 1
 101              		.cfi_startproc
 102              		@ args = 4, pretend = 4, frame = 24
 103              		@ frame_needed = 1, uses_anonymous_args = 1
 104 0000 08B4     		push	{r3}
 105              		.cfi_def_cfa_offset 4
 106              		.cfi_offset 3, -4
 107 0002 80B5     		push	{r7, lr}
 108              		.cfi_def_cfa_offset 12
 109              		.cfi_offset 7, -12
 110              		.cfi_offset 14, -8
 111 0004 87B0     		sub	sp, sp, #28
 112              		.cfi_def_cfa_offset 40
 113 0006 00AF     		add	r7, sp, #0
 114              		.cfi_def_cfa_register 7
 115 0008 F860     		str	r0, [r7, #12]
 116 000a B960     		str	r1, [r7, #8]
 117 000c 1346     		mov	r3, r2
 118 000e FB71     		strb	r3, [r7, #7]
  40:Src/stm32_lcd_ex.c ****   static char buffer[N_PRINTABLE_CHARS + 1];
  41:Src/stm32_lcd_ex.c ****   va_list args;
  42:Src/stm32_lcd_ex.c ****   va_start(args, format);
 119              		.loc 1 42 3
 120 0010 07F12803 		add	r3, r7, #40
 121 0014 7B61     		str	r3, [r7, #20]
  43:Src/stm32_lcd_ex.c ****   vsnprintf(buffer, N_PRINTABLE_CHARS + 1, format, args);
 122              		.loc 1 43 3
 123 0016 7B69     		ldr	r3, [r7, #20]
 124 0018 7A6A     		ldr	r2, [r7, #36]
 125 001a 3021     		movs	r1, #48
 126 001c 0748     		ldr	r0, .L5
 127 001e FFF7FEFF 		bl	vsnprintf
  44:Src/stm32_lcd_ex.c ****   UTIL_LCD_DisplayStringAt(x_pos, y_pos, (uint8_t *) buffer, mode);
 128              		.loc 1 44 3
 129 0022 FB79     		ldrb	r3, [r7, #7]	@ zero_extendqisi2
 130 0024 054A     		ldr	r2, .L5
ARM GAS  /tmp/ccd9ELl9.s 			page 4


 131 0026 B968     		ldr	r1, [r7, #8]
 132 0028 F868     		ldr	r0, [r7, #12]
 133 002a FFF7FEFF 		bl	UTIL_LCD_DisplayStringAt
  45:Src/stm32_lcd_ex.c ****   va_end(args);
  46:Src/stm32_lcd_ex.c **** }
 134              		.loc 1 46 1
 135 002e 00BF     		nop
 136 0030 1C37     		adds	r7, r7, #28
 137              		.cfi_def_cfa_offset 12
 138 0032 BD46     		mov	sp, r7
 139              		.cfi_def_cfa_register 13
 140              		@ sp needed
 141 0034 BDE88040 		pop	{r7, lr}
 142              		.cfi_restore 14
 143              		.cfi_restore 7
 144              		.cfi_def_cfa_offset 4
 145 0038 01B0     		add	sp, sp, #4
 146              		.cfi_restore 3
 147              		.cfi_def_cfa_offset 0
 148 003a 7047     		bx	lr
 149              	.L6:
 150              		.align	2
 151              	.L5:
 152 003c 00000000 		.word	buffer.0
 153              		.cfi_endproc
 154              	.LFE4:
 156              		.section	.bss.buffer.1,"aw",%nobits
 157              		.align	2
 160              	buffer.1:
 161 0000 00000000 		.space	48
 161      00000000 
 161      00000000 
 161      00000000 
 161      00000000 
 162              		.section	.bss.buffer.0,"aw",%nobits
 163              		.align	2
 166              	buffer.0:
 167 0000 00000000 		.space	48
 167      00000000 
 167      00000000 
 167      00000000 
 167      00000000 
 168              		.text
 169              	.Letext0:
 170              		.file 2 "/home/tanjiajun2002/renesas/rzv/e2studio_v2025-01_fsp_v3.1.0/toolchains/gcc_arm/arm-gnu-t
 171              		.file 3 "/home/tanjiajun2002/renesas/rzv/e2studio_v2025-01_fsp_v3.1.0/toolchains/gcc_arm/arm-gnu-t
 172              		.file 4 "/home/tanjiajun2002/renesas/rzv/e2studio_v2025-01_fsp_v3.1.0/toolchains/gcc_arm/arm-gnu-t
 173              		.file 5 "STM32Cube_FW_N6/Utilities/lcd/stm32_lcd.h"
 174              		.file 6 "/home/tanjiajun2002/renesas/rzv/e2studio_v2025-01_fsp_v3.1.0/toolchains/gcc_arm/arm-gnu-t
 175              		.file 7 "/home/tanjiajun2002/renesas/rzv/e2studio_v2025-01_fsp_v3.1.0/toolchains/gcc_arm/arm-gnu-t
 176              		.file 8 "<built-in>"
ARM GAS  /tmp/ccd9ELl9.s 			page 5


DEFINED SYMBOLS
                            *ABS*:00000000 stm32_lcd_ex.c
     /tmp/ccd9ELl9.s:26     .text.UTIL_LCDEx_PrintfAtLine:00000000 $t
     /tmp/ccd9ELl9.s:32     .text.UTIL_LCDEx_PrintfAtLine:00000000 UTIL_LCDEx_PrintfAtLine
     /tmp/ccd9ELl9.s:87     .text.UTIL_LCDEx_PrintfAtLine:00000038 $d
     /tmp/ccd9ELl9.s:160    .bss.buffer.1:00000000 buffer.1
     /tmp/ccd9ELl9.s:92     .text.UTIL_LCDEx_PrintfAt:00000000 $t
     /tmp/ccd9ELl9.s:98     .text.UTIL_LCDEx_PrintfAt:00000000 UTIL_LCDEx_PrintfAt
     /tmp/ccd9ELl9.s:152    .text.UTIL_LCDEx_PrintfAt:0000003c $d
     /tmp/ccd9ELl9.s:166    .bss.buffer.0:00000000 buffer.0
     /tmp/ccd9ELl9.s:157    .bss.buffer.1:00000000 $d
     /tmp/ccd9ELl9.s:163    .bss.buffer.0:00000000 $d
                           .group:00000000 wm4.0.2a10773746a5c5ebb5552f50e466f80b
                           .group:00000000 wm4._newlib_version.h.4.411db44ea2338a62eca2f0777f81481b
                           .group:00000000 wm4.features.h.33.e0c9f337c65cb9f22ed5f23d082bc78b
                           .group:00000000 wm4._default_types.h.15.247e5cd201eca3442cbf5404108c4935
                           .group:00000000 wm4._intsup.h.10.48bafbb683905c4daa4565a85aeeb264
                           .group:00000000 wm4._stdint.h.10.c24fa3af3bc1706662bb5593a907e841
                           .group:00000000 wm4.stdint.h.23.d53047a68f4a85177f80b422d52785ed
                           .group:00000000 wm4.lcd.h.21.98701c105e66fef2e089854e5bc0fe32
                           .group:00000000 wm4.stddef.h.39.0dc9006b34572d4d9cae4c8b422c4971
                           .group:00000000 wm4.stm32_lcd.h.55.1a04e503950bf34ef3721d2ebb9542fc
                           .group:00000000 wm4.newlib.h.7.591ac1bd65c1f5b34864757667a05252
                           .group:00000000 wm4.ieeefp.h.77.bd5feb87d9990dd328793ced294f6a87
                           .group:00000000 wm4.config.h.224.10ee1ad185d877c6e334e6581faab44d
                           .group:00000000 wm4._ansi.h.31.de524f58584151836e90d8620a16f8e8
                           .group:00000000 wm4.stdio.h.31.7c0e28c411445f3f9c5b11accf882760
                           .group:00000000 wm4.stddef.h.158.eec8bf00b5213f43d095cb984c5f22e3
                           .group:00000000 wm4.cdefs.h.49.70fc7af612f78ddcace70fdd90b5623b
                           .group:00000000 wm4.stdarg.h.34.3a23a216c0c293b3d2ea2e89281481e6
                           .group:00000000 wm4._types.h.20.dd0d04dca3800a0d2a6129b87f3adbb2
                           .group:00000000 wm4.stddef.h.158.6f8e08a347b1cff664332fa350bfceb3
                           .group:00000000 wm4._types.h.127.3bdfe3ff8ea2d0985b03d9cbe93480e3
                           .group:00000000 wm4.reent.h.18.25503cdc8b7e55dd0d6ea7b3e5af7a03
                           .group:00000000 wm4.lock.h.2.1461d1fff82dffe8bfddc23307f6484f
                           .group:00000000 wm4.reent.h.78.6b87466b04591b1f1cb88c14fdf2ba9e
                           .group:00000000 wm4.stdio.h.67.0cf8a9c281ab0b348aef5c02e7e48825
                           .group:00000000 wm4.stdio.h.2.4aa87247282eca6c8f36f9de33d8df1a
                           .group:00000000 wm4.stdio.h.87.a1e20d2651f9bfb66e51bfbe849db00a
                           .group:00000000 wm4.stdarg.h.31.7f63356e624ebff93a920b53ed006e12

UNDEFINED SYMBOLS
vsnprintf
UTIL_LCD_DisplayStringAtLine
UTIL_LCD_DisplayStringAt
