ARM GAS  /tmp/ccnBVZ6d.s 			page 1


   1              		.arch armv8.1-m.main
   2              		.fpu fpv5-d16
   3              		.arch_extension dsp
   4              		.arch_extension fp
   5              		.arch_extension fp.dp
   6              		.arch_extension mve
   7              		.arch_extension mve.fp
   8              		.eabi_attribute 5, "cortex-m55"
   9              		.eabi_attribute 28, 1
  10              		.eabi_attribute 20, 1
  11              		.eabi_attribute 21, 1
  12              		.eabi_attribute 23, 3
  13              		.eabi_attribute 24, 1
  14              		.eabi_attribute 25, 1
  15              		.eabi_attribute 26, 1
  16              		.eabi_attribute 30, 6
  17              		.eabi_attribute 34, 1
  18              		.eabi_attribute 38, 1
  19              		.eabi_attribute 18, 4
  20              		.file	"stm32n6xx_it.c"
  21              		.text
  22              	.Ltext0:
  23              		.cfi_sections	.debug_frame
  24              		.file 1 "Src/stm32n6xx_it.c"
  25              		.section	.text.NMI_Handler,"ax",%progbits
  26              		.align	1
  27              		.global	NMI_Handler
  28              		.syntax unified
  29              		.thumb
  30              		.thumb_func
  32              	NMI_Handler:
  33              	.LFB838:
   1:Src/stm32n6xx_it.c ****  /**
   2:Src/stm32n6xx_it.c ****  ******************************************************************************
   3:Src/stm32n6xx_it.c ****  * @file    stm32n6xx_it.c
   4:Src/stm32n6xx_it.c ****  * @author  GPM Application Team
   5:Src/stm32n6xx_it.c ****  *
   6:Src/stm32n6xx_it.c ****  ******************************************************************************
   7:Src/stm32n6xx_it.c ****  * @attention
   8:Src/stm32n6xx_it.c ****  *
   9:Src/stm32n6xx_it.c ****  * Copyright (c) 2023 STMicroelectronics.
  10:Src/stm32n6xx_it.c ****  * All rights reserved.
  11:Src/stm32n6xx_it.c ****  *
  12:Src/stm32n6xx_it.c ****  * This software is licensed under terms that can be found in the LICENSE file
  13:Src/stm32n6xx_it.c ****  * in the root directory of this software component.
  14:Src/stm32n6xx_it.c ****  * If no LICENSE file comes with this software, it is provided AS-IS.
  15:Src/stm32n6xx_it.c ****  *
  16:Src/stm32n6xx_it.c ****  ******************************************************************************
  17:Src/stm32n6xx_it.c ****  */
  18:Src/stm32n6xx_it.c **** 
  19:Src/stm32n6xx_it.c **** /* Includes ------------------------------------------------------------------*/
  20:Src/stm32n6xx_it.c **** #include "stm32n6xx_hal.h"
  21:Src/stm32n6xx_it.c **** #include "stm32n6xx_it.h"
  22:Src/stm32n6xx_it.c **** 
  23:Src/stm32n6xx_it.c **** #include "cmw_camera.h"
  24:Src/stm32n6xx_it.c **** extern GPU2D_HandleTypeDef hgpu2d;
  25:Src/stm32n6xx_it.c **** 
ARM GAS  /tmp/ccnBVZ6d.s 			page 2


  26:Src/stm32n6xx_it.c **** /**
  27:Src/stm32n6xx_it.c ****   * @brief   This function handles NMI exception.
  28:Src/stm32n6xx_it.c ****   * @param  None
  29:Src/stm32n6xx_it.c ****   * @retval None
  30:Src/stm32n6xx_it.c ****   */
  31:Src/stm32n6xx_it.c **** void NMI_Handler(void)
  32:Src/stm32n6xx_it.c **** {
  34              		.loc 1 32 1
  35              		.cfi_startproc
  36              		@ args = 0, pretend = 0, frame = 0
  37              		@ frame_needed = 1, uses_anonymous_args = 0
  38              		@ link register save eliminated.
  39 0000 80B4     		push	{r7}
  40              		.cfi_def_cfa_offset 4
  41              		.cfi_offset 7, -4
  42 0002 00AF     		add	r7, sp, #0
  43              		.cfi_def_cfa_register 7
  33:Src/stm32n6xx_it.c **** }
  44              		.loc 1 33 1
  45 0004 00BF     		nop
  46 0006 BD46     		mov	sp, r7
  47              		.cfi_def_cfa_register 13
  48              		@ sp needed
  49 0008 5DF8047B 		ldr	r7, [sp], #4
  50              		.cfi_restore 7
  51              		.cfi_def_cfa_offset 0
  52 000c 7047     		bx	lr
  53              		.cfi_endproc
  54              	.LFE838:
  56              		.section	.text.MemManage_Handler,"ax",%progbits
  57              		.align	1
  58              		.global	MemManage_Handler
  59              		.syntax unified
  60              		.thumb
  61              		.thumb_func
  63              	MemManage_Handler:
  64              	.LFB839:
  34:Src/stm32n6xx_it.c **** 
  35:Src/stm32n6xx_it.c **** /**
  36:Src/stm32n6xx_it.c ****   * @brief  This function handles Memory Manage exception.
  37:Src/stm32n6xx_it.c ****   * @param  None
  38:Src/stm32n6xx_it.c ****   * @retval None
  39:Src/stm32n6xx_it.c ****   */
  40:Src/stm32n6xx_it.c **** void MemManage_Handler(void)
  41:Src/stm32n6xx_it.c **** {
  65              		.loc 1 41 1
  66              		.cfi_startproc
  67              		@ args = 0, pretend = 0, frame = 0
  68              		@ frame_needed = 1, uses_anonymous_args = 0
  69              		@ link register save eliminated.
  70 0000 80B4     		push	{r7}
  71              		.cfi_def_cfa_offset 4
  72              		.cfi_offset 7, -4
  73 0002 00AF     		add	r7, sp, #0
  74              		.cfi_def_cfa_register 7
  75              	.L3:
  42:Src/stm32n6xx_it.c ****   /* Go to infinite loop when Memory Manage exception occurs */
ARM GAS  /tmp/ccnBVZ6d.s 			page 3


  43:Src/stm32n6xx_it.c ****   while (1)
  76              		.loc 1 43 9
  77 0004 00BF     		nop
  78 0006 FDE7     		b	.L3
  79              		.cfi_endproc
  80              	.LFE839:
  82              		.section	.text.BusFault_Handler,"ax",%progbits
  83              		.align	1
  84              		.global	BusFault_Handler
  85              		.syntax unified
  86              		.thumb
  87              		.thumb_func
  89              	BusFault_Handler:
  90              	.LFB840:
  44:Src/stm32n6xx_it.c ****   {
  45:Src/stm32n6xx_it.c ****   }
  46:Src/stm32n6xx_it.c **** }
  47:Src/stm32n6xx_it.c **** 
  48:Src/stm32n6xx_it.c **** /**
  49:Src/stm32n6xx_it.c ****   * @brief  This function handles Bus Fault exception.
  50:Src/stm32n6xx_it.c ****   * @param  None
  51:Src/stm32n6xx_it.c ****   * @retval None
  52:Src/stm32n6xx_it.c ****   */
  53:Src/stm32n6xx_it.c **** void BusFault_Handler(void)
  54:Src/stm32n6xx_it.c **** {
  91              		.loc 1 54 1
  92              		.cfi_startproc
  93              		@ args = 0, pretend = 0, frame = 0
  94              		@ frame_needed = 1, uses_anonymous_args = 0
  95              		@ link register save eliminated.
  96 0000 80B4     		push	{r7}
  97              		.cfi_def_cfa_offset 4
  98              		.cfi_offset 7, -4
  99 0002 00AF     		add	r7, sp, #0
 100              		.cfi_def_cfa_register 7
 101              	.L5:
  55:Src/stm32n6xx_it.c ****   /* Go to infinite loop when Bus Fault exception occurs */
  56:Src/stm32n6xx_it.c ****   while (1)
 102              		.loc 1 56 9
 103 0004 00BF     		nop
 104 0006 FDE7     		b	.L5
 105              		.cfi_endproc
 106              	.LFE840:
 108              		.section	.text.SecureFault_Handler,"ax",%progbits
 109              		.align	1
 110              		.global	SecureFault_Handler
 111              		.syntax unified
 112              		.thumb
 113              		.thumb_func
 115              	SecureFault_Handler:
 116              	.LFB841:
  57:Src/stm32n6xx_it.c ****   {
  58:Src/stm32n6xx_it.c ****   }
  59:Src/stm32n6xx_it.c **** }
  60:Src/stm32n6xx_it.c **** 
  61:Src/stm32n6xx_it.c **** /**
  62:Src/stm32n6xx_it.c ****   * @brief  This function handles Secure Fault exception.
ARM GAS  /tmp/ccnBVZ6d.s 			page 4


  63:Src/stm32n6xx_it.c ****   * @param  None
  64:Src/stm32n6xx_it.c ****   * @retval None
  65:Src/stm32n6xx_it.c ****   */
  66:Src/stm32n6xx_it.c **** void SecureFault_Handler(void)
  67:Src/stm32n6xx_it.c **** {
 117              		.loc 1 67 1
 118              		.cfi_startproc
 119              		@ args = 0, pretend = 0, frame = 0
 120              		@ frame_needed = 1, uses_anonymous_args = 0
 121              		@ link register save eliminated.
 122 0000 80B4     		push	{r7}
 123              		.cfi_def_cfa_offset 4
 124              		.cfi_offset 7, -4
 125 0002 00AF     		add	r7, sp, #0
 126              		.cfi_def_cfa_register 7
 127              	.L7:
  68:Src/stm32n6xx_it.c ****   /* Go to infinite loop when Secure Fault exception occurs */
  69:Src/stm32n6xx_it.c ****   while (1)
 128              		.loc 1 69 9
 129 0004 00BF     		nop
 130 0006 FDE7     		b	.L7
 131              		.cfi_endproc
 132              	.LFE841:
 134              		.section	.text.DebugMon_Handler,"ax",%progbits
 135              		.align	1
 136              		.global	DebugMon_Handler
 137              		.syntax unified
 138              		.thumb
 139              		.thumb_func
 141              	DebugMon_Handler:
 142              	.LFB842:
  70:Src/stm32n6xx_it.c ****   {
  71:Src/stm32n6xx_it.c ****   }
  72:Src/stm32n6xx_it.c **** }
  73:Src/stm32n6xx_it.c **** 
  74:Src/stm32n6xx_it.c **** /**
  75:Src/stm32n6xx_it.c ****   * @brief  This function handles Debug Monitor exception.
  76:Src/stm32n6xx_it.c ****   * @param  None
  77:Src/stm32n6xx_it.c ****   * @retval None
  78:Src/stm32n6xx_it.c ****   */
  79:Src/stm32n6xx_it.c **** void DebugMon_Handler(void)
  80:Src/stm32n6xx_it.c **** {
 143              		.loc 1 80 1
 144              		.cfi_startproc
 145              		@ args = 0, pretend = 0, frame = 0
 146              		@ frame_needed = 1, uses_anonymous_args = 0
 147              		@ link register save eliminated.
 148 0000 80B4     		push	{r7}
 149              		.cfi_def_cfa_offset 4
 150              		.cfi_offset 7, -4
 151 0002 00AF     		add	r7, sp, #0
 152              		.cfi_def_cfa_register 7
 153              	.L9:
  81:Src/stm32n6xx_it.c ****   while (1)
 154              		.loc 1 81 9
 155 0004 00BF     		nop
 156 0006 FDE7     		b	.L9
ARM GAS  /tmp/ccnBVZ6d.s 			page 5


 157              		.cfi_endproc
 158              	.LFE842:
 160              		.section	.text.CSI_IRQHandler,"ax",%progbits
 161              		.align	1
 162              		.global	CSI_IRQHandler
 163              		.syntax unified
 164              		.thumb
 165              		.thumb_func
 167              	CSI_IRQHandler:
 168              	.LFB843:
  82:Src/stm32n6xx_it.c ****   {
  83:Src/stm32n6xx_it.c ****   }
  84:Src/stm32n6xx_it.c **** }
  85:Src/stm32n6xx_it.c **** 
  86:Src/stm32n6xx_it.c **** /******************************************************************************/
  87:Src/stm32n6xx_it.c **** /*                 STM32N6xx Peripherals Interrupt Handlers                   */
  88:Src/stm32n6xx_it.c **** /*  Add here the Interrupt Handler for the used peripheral(s) (PPP), for the  */
  89:Src/stm32n6xx_it.c **** /*  available peripheral interrupt handler's name please refer to the startup */
  90:Src/stm32n6xx_it.c **** /*  file (startup_stm32n6xx.s).                                               */
  91:Src/stm32n6xx_it.c **** /******************************************************************************/
  92:Src/stm32n6xx_it.c **** 
  93:Src/stm32n6xx_it.c **** void CSI_IRQHandler(void)
  94:Src/stm32n6xx_it.c **** {
 169              		.loc 1 94 1
 170              		.cfi_startproc
 171              		@ args = 0, pretend = 0, frame = 0
 172              		@ frame_needed = 1, uses_anonymous_args = 0
 173 0000 80B5     		push	{r7, lr}
 174              		.cfi_def_cfa_offset 8
 175              		.cfi_offset 7, -8
 176              		.cfi_offset 14, -4
 177 0002 00AF     		add	r7, sp, #0
 178              		.cfi_def_cfa_register 7
  95:Src/stm32n6xx_it.c ****   HAL_DCMIPP_CSI_IRQHandler(CMW_CAMERA_GetDCMIPPHandle());
 179              		.loc 1 95 3
 180 0004 FFF7FEFF 		bl	CMW_CAMERA_GetDCMIPPHandle
 181 0008 0346     		mov	r3, r0
 182              		.loc 1 95 3 is_stmt 0 discriminator 1
 183 000a 1846     		mov	r0, r3
 184 000c FFF7FEFF 		bl	HAL_DCMIPP_CSI_IRQHandler
  96:Src/stm32n6xx_it.c **** }
 185              		.loc 1 96 1 is_stmt 1
 186 0010 00BF     		nop
 187 0012 80BD     		pop	{r7, pc}
 188              		.cfi_endproc
 189              	.LFE843:
 191              		.section	.text.DCMIPP_IRQHandler,"ax",%progbits
 192              		.align	1
 193              		.global	DCMIPP_IRQHandler
 194              		.syntax unified
 195              		.thumb
 196              		.thumb_func
 198              	DCMIPP_IRQHandler:
 199              	.LFB844:
  97:Src/stm32n6xx_it.c **** 
  98:Src/stm32n6xx_it.c **** void DCMIPP_IRQHandler(void)
  99:Src/stm32n6xx_it.c **** {
ARM GAS  /tmp/ccnBVZ6d.s 			page 6


 200              		.loc 1 99 1
 201              		.cfi_startproc
 202              		@ args = 0, pretend = 0, frame = 0
 203              		@ frame_needed = 1, uses_anonymous_args = 0
 204 0000 80B5     		push	{r7, lr}
 205              		.cfi_def_cfa_offset 8
 206              		.cfi_offset 7, -8
 207              		.cfi_offset 14, -4
 208 0002 00AF     		add	r7, sp, #0
 209              		.cfi_def_cfa_register 7
 100:Src/stm32n6xx_it.c ****   HAL_DCMIPP_IRQHandler(CMW_CAMERA_GetDCMIPPHandle());
 210              		.loc 1 100 3
 211 0004 FFF7FEFF 		bl	CMW_CAMERA_GetDCMIPPHandle
 212 0008 0346     		mov	r3, r0
 213              		.loc 1 100 3 is_stmt 0 discriminator 1
 214 000a 1846     		mov	r0, r3
 215 000c FFF7FEFF 		bl	HAL_DCMIPP_IRQHandler
 101:Src/stm32n6xx_it.c **** }
 216              		.loc 1 101 1 is_stmt 1
 217 0010 00BF     		nop
 218 0012 80BD     		pop	{r7, pc}
 219              		.cfi_endproc
 220              	.LFE844:
 222              		.section	.text.GPU2D_IRQHandler,"ax",%progbits
 223              		.align	1
 224              		.global	GPU2D_IRQHandler
 225              		.syntax unified
 226              		.thumb
 227              		.thumb_func
 229              	GPU2D_IRQHandler:
 230              	.LFB845:
 102:Src/stm32n6xx_it.c **** 
 103:Src/stm32n6xx_it.c **** void GPU2D_IRQHandler(void)
 104:Src/stm32n6xx_it.c **** {
 231              		.loc 1 104 1
 232              		.cfi_startproc
 233              		@ args = 0, pretend = 0, frame = 0
 234              		@ frame_needed = 1, uses_anonymous_args = 0
 235 0000 80B5     		push	{r7, lr}
 236              		.cfi_def_cfa_offset 8
 237              		.cfi_offset 7, -8
 238              		.cfi_offset 14, -4
 239 0002 00AF     		add	r7, sp, #0
 240              		.cfi_def_cfa_register 7
 105:Src/stm32n6xx_it.c ****   HAL_GPU2D_IRQHandler(&hgpu2d);
 241              		.loc 1 105 3
 242 0004 0248     		ldr	r0, .L13
 243 0006 FFF7FEFF 		bl	HAL_GPU2D_IRQHandler
 106:Src/stm32n6xx_it.c **** }
 244              		.loc 1 106 1
 245 000a 00BF     		nop
 246 000c 80BD     		pop	{r7, pc}
 247              	.L14:
 248 000e 00BF     		.align	2
 249              	.L13:
 250 0010 00000000 		.word	hgpu2d
 251              		.cfi_endproc
ARM GAS  /tmp/ccnBVZ6d.s 			page 7


 252              	.LFE845:
 254              		.section	.text.GPU2D_ER_IRQHandler,"ax",%progbits
 255              		.align	1
 256              		.global	GPU2D_ER_IRQHandler
 257              		.syntax unified
 258              		.thumb
 259              		.thumb_func
 261              	GPU2D_ER_IRQHandler:
 262              	.LFB846:
 107:Src/stm32n6xx_it.c **** 
 108:Src/stm32n6xx_it.c **** void GPU2D_ER_IRQHandler(void)
 109:Src/stm32n6xx_it.c **** {
 263              		.loc 1 109 1
 264              		.cfi_startproc
 265              		@ args = 0, pretend = 0, frame = 0
 266              		@ frame_needed = 1, uses_anonymous_args = 0
 267 0000 80B5     		push	{r7, lr}
 268              		.cfi_def_cfa_offset 8
 269              		.cfi_offset 7, -8
 270              		.cfi_offset 14, -4
 271 0002 00AF     		add	r7, sp, #0
 272              		.cfi_def_cfa_register 7
 110:Src/stm32n6xx_it.c ****   HAL_GPU2D_ER_IRQHandler(&hgpu2d);
 273              		.loc 1 110 3
 274 0004 0248     		ldr	r0, .L16
 275 0006 FFF7FEFF 		bl	HAL_GPU2D_ER_IRQHandler
 111:Src/stm32n6xx_it.c **** }
 276              		.loc 1 111 1
 277 000a 00BF     		nop
 278 000c 80BD     		pop	{r7, pc}
 279              	.L17:
 280 000e 00BF     		.align	2
 281              	.L16:
 282 0010 00000000 		.word	hgpu2d
 283              		.cfi_endproc
 284              	.LFE846:
 286              		.text
 287              	.Letext0:
 288              		.file 2 "/home/tanjiajun2002/renesas/rzv/e2studio_v2025-01_fsp_v3.1.0/toolchains/gcc_arm/arm-gnu-t
 289              		.file 3 "/home/tanjiajun2002/renesas/rzv/e2studio_v2025-01_fsp_v3.1.0/toolchains/gcc_arm/arm-gnu-t
 290              		.file 4 "STM32Cube_FW_N6/Drivers/CMSIS/Device/ST/STM32N6xx/Include/stm32n657xx.h"
 291              		.file 5 "STM32Cube_FW_N6/Drivers/STM32N6xx_HAL_Driver/Inc/stm32n6xx_hal_def.h"
 292              		.file 6 "STM32Cube_FW_N6/Drivers/STM32N6xx_HAL_Driver/Inc/stm32n6xx_hal_dcmipp.h"
 293              		.file 7 "STM32Cube_FW_N6/Drivers/STM32N6xx_HAL_Driver/Inc/stm32n6xx_hal_gpu2d.h"
 294              		.file 8 "Lib/Camera_Middleware/cmw_camera.h"
ARM GAS  /tmp/ccnBVZ6d.s 			page 8


DEFINED SYMBOLS
                            *ABS*:00000000 stm32n6xx_it.c
     /tmp/ccnBVZ6d.s:26     .text.NMI_Handler:00000000 $t
     /tmp/ccnBVZ6d.s:32     .text.NMI_Handler:00000000 NMI_Handler
     /tmp/ccnBVZ6d.s:57     .text.MemManage_Handler:00000000 $t
     /tmp/ccnBVZ6d.s:63     .text.MemManage_Handler:00000000 MemManage_Handler
     /tmp/ccnBVZ6d.s:83     .text.BusFault_Handler:00000000 $t
     /tmp/ccnBVZ6d.s:89     .text.BusFault_Handler:00000000 BusFault_Handler
     /tmp/ccnBVZ6d.s:109    .text.SecureFault_Handler:00000000 $t
     /tmp/ccnBVZ6d.s:115    .text.SecureFault_Handler:00000000 SecureFault_Handler
     /tmp/ccnBVZ6d.s:135    .text.DebugMon_Handler:00000000 $t
     /tmp/ccnBVZ6d.s:141    .text.DebugMon_Handler:00000000 DebugMon_Handler
     /tmp/ccnBVZ6d.s:161    .text.CSI_IRQHandler:00000000 $t
     /tmp/ccnBVZ6d.s:167    .text.CSI_IRQHandler:00000000 CSI_IRQHandler
     /tmp/ccnBVZ6d.s:192    .text.DCMIPP_IRQHandler:00000000 $t
     /tmp/ccnBVZ6d.s:198    .text.DCMIPP_IRQHandler:00000000 DCMIPP_IRQHandler
     /tmp/ccnBVZ6d.s:223    .text.GPU2D_IRQHandler:00000000 $t
     /tmp/ccnBVZ6d.s:229    .text.GPU2D_IRQHandler:00000000 GPU2D_IRQHandler
     /tmp/ccnBVZ6d.s:250    .text.GPU2D_IRQHandler:00000010 $d
     /tmp/ccnBVZ6d.s:255    .text.GPU2D_ER_IRQHandler:00000000 $t
     /tmp/ccnBVZ6d.s:261    .text.GPU2D_ER_IRQHandler:00000000 GPU2D_ER_IRQHandler
     /tmp/ccnBVZ6d.s:282    .text.GPU2D_ER_IRQHandler:00000010 $d
                           .group:00000000 wm4.0.2a10773746a5c5ebb5552f50e466f80b
                           .group:00000000 wm4.stm32n6xx_hal_conf.h.21.004a06df6e15ac197e03f723792da58a
                           .group:00000000 wm4.stddef.h.39.0dc9006b34572d4d9cae4c8b422c4971
                           .group:00000000 wm4.arm_cmse.h.103.a0d15a79c4c9a67da8d5831704d7248e
                           .group:00000000 wm4.stm32n6xx.h.34.80585dd08aa426c932f6311fdb7386da
                           .group:00000000 wm4.stm32n657xx.h.26.acd272cb67318cc1a4791ce2f0720ca6
                           .group:00000000 wm4._newlib_version.h.4.411db44ea2338a62eca2f0777f81481b
                           .group:00000000 wm4.features.h.33.e0c9f337c65cb9f22ed5f23d082bc78b
                           .group:00000000 wm4._default_types.h.15.247e5cd201eca3442cbf5404108c4935
                           .group:00000000 wm4._intsup.h.10.48bafbb683905c4daa4565a85aeeb264
                           .group:00000000 wm4._stdint.h.10.c24fa3af3bc1706662bb5593a907e841
                           .group:00000000 wm4.stdint.h.23.d53047a68f4a85177f80b422d52785ed
                           .group:00000000 wm4.cmsis_version.h.32.0ac195c83bb4537824e6ad1c47474b79
                           .group:00000000 wm4.core_cm55.h.68.832d5cf835639cc0d28219c3d2867330
                           .group:00000000 wm4.cmsis_gcc.h.26.7a5fd1a99dbedde687044a4433ab3e15
                           .group:00000000 wm4.core_cm55.h.196.52e437a270752da561676e507b35baeb
                           .group:00000000 wm4.mpu_armv8.h.32.9d72426c8e2b47753456dcb84802c5b3
                           .group:00000000 wm4.pmu_armv8.h.32.eaa95f88a71b29390b135fd81c071b6b
                           .group:00000000 wm4.core_cm55.h.4411.860dad8650880893dd57b815844f7186
                           .group:00000000 wm4.cachel1_armv7.h.32.abd77761a989e008b0c60891114a33c7
                           .group:00000000 wm4.stm32n657xx.h.575.1c2a5e6bedffc6f9083dcc857bc6d09d
                           .group:00000000 wm4.stm32n6xx.h.114.5cf793d8af485e14f110e3e24bde1aa5
                           .group:00000000 wm4.stm32_hal_legacy.h.22.87fb12bf5a1a1e00fc134f22bc9aa8c4
                           .group:00000000 wm4.newlib.h.7.591ac1bd65c1f5b34864757667a05252
                           .group:00000000 wm4.ieeefp.h.77.bd5feb87d9990dd328793ced294f6a87
                           .group:00000000 wm4.config.h.224.10ee1ad185d877c6e334e6581faab44d
                           .group:00000000 wm4._ansi.h.31.de524f58584151836e90d8620a16f8e8
                           .group:00000000 wm4.cdefs.h.49.70fc7af612f78ddcace70fdd90b5623b
                           .group:00000000 wm4._types.h.20.dd0d04dca3800a0d2a6129b87f3adbb2
                           .group:00000000 wm4.stddef.h.158.6f8e08a347b1cff664332fa350bfceb3
                           .group:00000000 wm4._types.h.127.3bdfe3ff8ea2d0985b03d9cbe93480e3
                           .group:00000000 wm4.reent.h.18.25503cdc8b7e55dd0d6ea7b3e5af7a03
                           .group:00000000 wm4.lock.h.2.1461d1fff82dffe8bfddc23307f6484f
                           .group:00000000 wm4.reent.h.78.6b87466b04591b1f1cb88c14fdf2ba9e
                           .group:00000000 wm4.math.h.13.47cfc34cae8a1153323939c4d32cf7c2
ARM GAS  /tmp/ccnBVZ6d.s 			page 9


                           .group:00000000 wm4.stm32n6xx_hal_def.h.63.3a8f01490e8852464e9fcb69092e9c75
                           .group:00000000 wm4.stm32n6xx_ll_bus.h.38.2366a295ee4cdb04833997d3787fcd2d
                           .group:00000000 wm4.stm32n6xx_ll_rcc.h.21.002e22a16fd7f67dde6dce41e8ba9620
                           .group:00000000 wm4.stm32n6xx_hal_rcc.h.194.1cb1283e40f9bebcd3fba2a9a961838e
                           .group:00000000 wm4.stm32n6xx_hal_rcc_ex.h.21.79aa32178dfef625fbd20d362449acfa
                           .group:00000000 wm4.stm32n6xx_hal_rcc.h.4359.3f0b7ad33826d95438602c9aebc08af9
                           .group:00000000 wm4.stm32n6xx_hal_gpio.h.21.89d54af663b98eb8fc098192053f7eeb
                           .group:00000000 wm4.stm32n6xx_hal_gpio_ex.h.22.4acb2e3511a98bb48b81cfc8e09fd59e
                           .group:00000000 wm4.stm32n6xx_hal_rif.h.21.424d0bafb874a777dee3742a22e13037
                           .group:00000000 wm4.stm32n6xx_hal_dma.h.21.61e48c5c2e8d25d22177834b232fe45c
                           .group:00000000 wm4.stm32n6xx_hal_dma_ex.h.21.66e597beb090a165329d6ccf665e41bc
                           .group:00000000 wm4.stm32n6xx_hal_dma.h.1020.87e2180c009560b617c1f8208140c950
                           .group:00000000 wm4.stm32n6xx_hal_cortex.h.21.f493623cc58f9454ab4eae41e395c5cc
                           .group:00000000 wm4.stm32n6xx_hal_bsec.h.21.61b309e67dd810e28897a01b1b21a97f
                           .group:00000000 wm4.stm32n6xx_hal_dcmipp.h.21.f538bfd785c6469670251ac9bc7af55d
                           .group:00000000 wm4.stm32n6xx_hal_dma2d.h.21.75c8d46cdbb72970123b3f34ae2043d7
                           .group:00000000 wm4.stm32n6xx_hal_exti.h.21.fda87e715ea6b98239ec30171d1df594
                           .group:00000000 wm4.stm32n6xx_hal_gfxmmu.h.21.9784a9103143d48bd3c37389d0e0b8e6
                           .group:00000000 wm4.stm32n6xx_hal_i2c.h.21.3f483626ff64c5bf027265bb2e1d1331
                           .group:00000000 wm4.stm32n6xx_hal_i2c_ex.h.21.79e9196c22282cdaf6b4047893638c45
                           .group:00000000 wm4.stm32n6xx_hal_i2c.h.741.1084702632703acc669e4282b3043372
                           .group:00000000 wm4.stm32n6xx_hal_icache.h.21.194b4ec6e76f32b14f65c85616854850
                           .group:00000000 wm4.stm32n6xx_hal_ltdc.h.21.ae1eb09930e7e550e48e418ac5849e4d
                           .group:00000000 wm4.stm32n6xx_hal_ltdc.h.1002.b13ede7fc94ed5ad1c6768a157d2149a
                           .group:00000000 wm4.stm32n6xx_ll_usb.h.21.d518a5d97876c2ff49040c20a2c4a120
                           .group:00000000 wm4.stm32n6xx_hal_pcd.h.155.27040aac6844effe2af8c180caf1dd2e
                           .group:00000000 wm4.stm32n6xx_hal_pwr.h.21.cdb73e4869c3fed3fc84f901ec0e5f0a
                           .group:00000000 wm4.stm32n6xx_hal_pwr_ex.h.21.1a673224a58b0c1e5fad8eeda6514208
                           .group:00000000 wm4.stm32n6xx_hal_ramcfg.h.21.a62dfbb4d2c14e9a8c634a215e37bd3d
                           .group:00000000 wm4.stm32n6xx_hal_spi.h.21.9f810303326e2d91749800e9911f8e4d
                           .group:00000000 wm4.stm32n6xx_hal_spi.h.906.93ec0695066db4253cdbcb7d84358a0b
                           .group:00000000 wm4.stm32n6xx_hal_tim.h.21.839dd2b2a70382fb2c44f8f293a84d5f
                           .group:00000000 wm4.stm32n6xx_hal_tim_ex.h.21.e372d5ac63c13441211ea4ecbd353150
                           .group:00000000 wm4.stm32n6xx_hal_uart.h.21.230f549bfa0d5ebfd77bfb311b2aca15
                           .group:00000000 wm4.stm32n6xx_hal_uart_ex.h.21.a0d5511e1d0703b7b5278c8f5472b96d
                           .group:00000000 wm4.stm32n6xx_hal_xspi.h.21.e17898be2073b6b6b19faf30b4e304e9
                           .group:00000000 wm4.stm32n6xx_hal_cacheaxi.h.21.7c3375b7903ec42376e4883320997f74
                           .group:00000000 wm4.stm32n6xx_hal_gpu2d.h.21.48d0249122abad294a630c39cc4ebaed
                           .group:00000000 wm4.stm32n6xx_hal.h.81.5e59143eba07faca3e9aeaa5470826c8
                           .group:00000000 wm4.cmw_errno.h.21.91021ac9b2627a1ce6b8517d105715d1
                           .group:00000000 wm4.stm32n6570_discovery_conf.h.21.f52c8202689527a3dc0d9c6cba9c0416
                           .group:00000000 wm4.stm32n6570_discovery_errno.h.22.80e523b09444a11ebe4b6e24ae914f0e
                           .group:00000000 wm4.stm32n6570_discovery_bus.h.62.3b5b2c6837f7adeb489604fa214cd371
                           .group:00000000 wm4.isp_conf.h.21.bfb1d020517608810095aa56acf25d1e
                           .group:00000000 wm4.stdio.h.27.3fc80220048df77954e38daec3bb9670
                           .group:00000000 wm4.stddef.h.158.eec8bf00b5213f43d095cb984c5f22e3
                           .group:00000000 wm4.stdarg.h.34.3a23a216c0c293b3d2ea2e89281481e6
                           .group:00000000 wm4.stdio.h.47.dc31ec4674d7bcb103c9f08809549f45
                           .group:00000000 wm4.stdio.h.2.4aa87247282eca6c8f36f9de33d8df1a
                           .group:00000000 wm4.stdio.h.87.a1e20d2651f9bfb66e51bfbe849db00a
                           .group:00000000 wm4.stdlib.h.13.4ed386f5c1a80d71e72172885d946ef2
                           .group:00000000 wm4.alloca.h.8.dfc0c703c47ec3e69746825b17d9e66d
                           .group:00000000 wm4.stdlib.h.56.f4862cfbf4363a1db01842d5bdf72c18
                           .group:00000000 wm4.string.h.8.c4b8571ce60dff2817f43fec8b86aecd
                           .group:00000000 wm4.stdbool.h.29.c08aa3eec75cf5b9b5003883f43253f0
                           .group:00000000 wm4.isp_core.h.109.be5387f515355b6edcb70af2607f9a68
                           .group:00000000 wm4.cmw_camera.h.33.b34cbb506ffb5bbc0bae0cee9fc48966
ARM GAS  /tmp/ccnBVZ6d.s 			page 10



UNDEFINED SYMBOLS
CMW_CAMERA_GetDCMIPPHandle
HAL_DCMIPP_CSI_IRQHandler
HAL_DCMIPP_IRQHandler
HAL_GPU2D_IRQHandler
hgpu2d
HAL_GPU2D_ER_IRQHandler
